[06:00:33] [main/WARN]: Ambiguity between arguments [teleport, destination] and [teleport, targets] with inputs: [Player, 0123, @e, dd12be42-52a9-4a91-a8a1-11c01849e498]
[06:00:33] [main/WARN]: Ambiguity between arguments [teleport, location] and [teleport, destination] with inputs: [0.1 -0.5 .9, 0 0 0]
[06:00:33] [main/WARN]: Ambiguity between arguments [teleport, location] and [teleport, targets] with inputs: [0.1 -0.5 .9, 0 0 0]
[06:00:33] [main/WARN]: Ambiguity between arguments [teleport, targets] and [teleport, destination] with inputs: [Player, 0123, dd12be42-52a9-4a91-a8a1-11c01849e498]
[06:00:33] [main/WARN]: Ambiguity between arguments [teleport, targets, location] and [teleport, targets, destination] with inputs: [0.1 -0.5 .9, 0 0 0]
[06:00:33] [Server thread/INFO]: Starting minecraft server version 1.14.4
[06:00:33] [Server thread/INFO]: Loading properties
[06:00:33] [Server thread/INFO]: Default game type: SURVIVAL
[06:00:33] [Server thread/INFO]: Generating keypair
[06:00:33] [Server thread/INFO]: Starting Minecraft server on *:25565
[06:00:33] [Server thread/INFO]: Using epoll channel type
[06:00:34] [Server thread/INFO]: Preparing level "world"
[06:00:34] [Server thread/INFO]: Reloading ResourceManager: Default
[06:00:46] [Server thread/INFO]: Loaded 6 recipes
[06:00:47] [Server thread/INFO]: Loaded 811 advancements
[06:00:47] [Server thread/INFO]: Preparing start region for dimension minecraft:overworld
[06:00:48] [Server thread/INFO]: Preparing spawn area: 0%
[06:00:48] [Server thread/INFO]: Preparing spawn area: 0%
[06:00:48] [Server thread/INFO]: Preparing spawn area: 0%
[06:00:48] [Server thread/INFO]: Preparing spawn area: 27%
[06:00:49] [Server thread/INFO]: Time elapsed: 2112 ms
[06:00:49] [Server thread/INFO]: Done (15.296s)! For help, type "help"
[08:49:45] [User Authenticator #1/INFO]: UUID of player bibulle is 85c14491-3fa3-4638-8322-555294887c4a
[08:49:45] [Server thread/INFO]: bibulle[/192.168.0.129:65315] logged in with entity id 1181 at (-160.96316006888574, 11.0, -42.21303419736887)
[08:49:45] [Server thread/INFO]: bibulle joined the game
[08:49:53] [Server thread/WARN]: Can't keep up! Is the server overloaded? Running 2269ms or 45 ticks behind
[08:50:13] [Server thread/WARN]: Can't keep up! Is the server overloaded? Running 5201ms or 104 ticks behind
[08:50:32] [Server thread/WARN]: Can't keep up! Is the server overloaded? Running 4043ms or 80 ticks behind
[08:50:51] [Server thread/WARN]: Can't keep up! Is the server overloaded? Running 3150ms or 63 ticks behind
[08:51:10] [Server thread/WARN]: Can't keep up! Is the server overloaded? Running 4842ms or 96 ticks behind
[08:51:28] [Server thread/WARN]: Can't keep up! Is the server overloaded? Running 2854ms or 57 ticks behind
[08:51:46] [Server thread/WARN]: Can't keep up! Is the server overloaded? Running 2797ms or 55 ticks behind
[08:52:04] [Server thread/WARN]: Can't keep up! Is the server overloaded? Running 2699ms or 53 ticks behind
[08:52:21] [Server thread/WARN]: Can't keep up! Is the server overloaded? Running 2894ms or 57 ticks behind
[08:52:40] [Server thread/WARN]: Can't keep up! Is the server overloaded? Running 3315ms or 66 ticks behind
[08:52:58] [Server thread/WARN]: Can't keep up! Is the server overloaded? Running 2867ms or 57 ticks behind
[08:53:15] [Server thread/WARN]: Can't keep up! Is the server overloaded? Running 2875ms or 57 ticks behind
[08:53:34] [Server thread/WARN]: Can't keep up! Is the server overloaded? Running 2002ms or 40 ticks behind
[08:53:52] [Server thread/WARN]: Can't keep up! Is the server overloaded? Running 3084ms or 61 ticks behind
[08:54:11] [Server thread/WARN]: Can't keep up! Is the server overloaded? Running 3876ms or 77 ticks behind
[08:54:28] [Server thread/WARN]: Can't keep up! Is the server overloaded? Running 2156ms or 43 ticks behind
[08:54:49] [Server thread/WARN]: Can't keep up! Is the server overloaded? Running 2002ms or 40 ticks behind
[08:55:06] [Server thread/WARN]: Can't keep up! Is the server overloaded? Running 2060ms or 41 ticks behind
[08:55:26] [Server thread/WARN]: Can't keep up! Is the server overloaded? Running 2003ms or 40 ticks behind
[08:55:44] [Server thread/WARN]: Can't keep up! Is the server overloaded? Running 2005ms or 40 ticks behind
[08:56:03] [Server thread/WARN]: Can't keep up! Is the server overloaded? Running 2005ms or 40 ticks behind
[08:56:22] [Server thread/WARN]: Can't keep up! Is the server overloaded? Running 2001ms or 40 ticks behind
[08:56:42] [Server thread/WARN]: Can't keep up! Is the server overloaded? Running 2006ms or 40 ticks behind
[08:57:00] [Server thread/WARN]: Can't keep up! Is the server overloaded? Running 3916ms or 78 ticks behind
[08:57:18] [Server thread/WARN]: Can't keep up! Is the server overloaded? Running 2798ms or 55 ticks behind
[08:57:36] [Server thread/WARN]: Can't keep up! Is the server overloaded? Running 3059ms or 61 ticks behind
[08:57:54] [Server thread/WARN]: Can't keep up! Is the server overloaded? Running 3166ms or 63 ticks behind
[08:58:13] [Server thread/WARN]: Can't keep up! Is the server overloaded? Running 3664ms or 73 ticks behind
[08:58:32] [Server thread/WARN]: Can't keep up! Is the server overloaded? Running 4358ms or 87 ticks behind
[08:58:51] [Server thread/WARN]: Can't keep up! Is the server overloaded? Running 3756ms or 75 ticks behind
[08:59:10] [Server thread/WARN]: Can't keep up! Is the server overloaded? Running 3579ms or 71 ticks behind
[08:59:30] [Server thread/WARN]: Can't keep up! Is the server overloaded? Running 4819ms or 96 ticks behind
[08:59:50] [Server thread/WARN]: Can't keep up! Is the server overloaded? Running 5720ms or 114 ticks behind
[09:00:09] [Server thread/WARN]: Can't keep up! Is the server overloaded? Running 4145ms or 82 ticks behind
[09:00:28] [Server thread/WARN]: Can't keep up! Is the server overloaded? Running 4052ms or 81 ticks behind
[09:00:47] [Server thread/WARN]: Can't keep up! Is the server overloaded? Running 3747ms or 74 ticks behind
[09:01:05] [Server thread/WARN]: Can't keep up! Is the server overloaded? Running 3038ms or 60 ticks behind
[09:01:27] [Server thread/WARN]: Can't keep up! Is the server overloaded? Running 2001ms or 40 ticks behind
[09:01:44] [Server thread/WARN]: Can't keep up! Is the server overloaded? Running 2316ms or 46 ticks behind
[09:02:02] [Server thread/WARN]: Can't keep up! Is the server overloaded? Running 2007ms or 40 ticks behind
[09:02:20] [Server thread/WARN]: Can't keep up! Is the server overloaded? Running 3135ms or 62 ticks behind
[09:02:38] [Server thread/WARN]: Can't keep up! Is the server overloaded? Running 3299ms or 65 ticks behind
[09:02:57] [Server thread/WARN]: Can't keep up! Is the server overloaded? Running 4262ms or 85 ticks behind
[09:03:17] [Server thread/WARN]: Can't keep up! Is the server overloaded? Running 4411ms or 88 ticks behind
[09:03:36] [Server thread/WARN]: Can't keep up! Is the server overloaded? Running 4006ms or 80 ticks behind
[09:03:54] [Server thread/WARN]: Can't keep up! Is the server overloaded? Running 3213ms or 64 ticks behind
[09:04:13] [Server thread/WARN]: Can't keep up! Is the server overloaded? Running 3776ms or 75 ticks behind
[09:04:32] [Server thread/WARN]: Can't keep up! Is the server overloaded? Running 4542ms or 90 ticks behind
[09:04:55] [Server thread/WARN]: Can't keep up! Is the server overloaded? Running 2003ms or 40 ticks behind
[09:05:18] [Server thread/WARN]: Can't keep up! Is the server overloaded? Running 2007ms or 40 ticks behind
[09:05:36] [Server thread/WARN]: Can't keep up! Is the server overloaded? Running 2912ms or 58 ticks behind
[09:05:53] [Server thread/WARN]: Can't keep up! Is the server overloaded? Running 2348ms or 46 ticks behind
[09:06:11] [Server thread/WARN]: Can't keep up! Is the server overloaded? Running 3032ms or 60 ticks behind
[09:06:28] [Server thread/WARN]: Can't keep up! Is the server overloaded? Running 2207ms or 44 ticks behind
[09:06:46] [Server thread/WARN]: Can't keep up! Is the server overloaded? Running 2939ms or 58 ticks behind
[09:07:04] [Server thread/WARN]: Can't keep up! Is the server overloaded? Running 2520ms or 50 ticks behind
[09:07:22] [Server thread/WARN]: Can't keep up! Is the server overloaded? Running 3236ms or 64 ticks behind
[09:07:40] [Server thread/WARN]: Can't keep up! Is the server overloaded? Running 3018ms or 60 ticks behind
[09:07:57] [Server thread/WARN]: Can't keep up! Is the server overloaded? Running 2466ms or 49 ticks behind
[09:08:15] [Server thread/WARN]: Can't keep up! Is the server overloaded? Running 3084ms or 61 ticks behind
[09:08:33] [Server thread/WARN]: Can't keep up! Is the server overloaded? Running 2772ms or 55 ticks behind
[09:08:51] [Server thread/WARN]: Can't keep up! Is the server overloaded? Running 3009ms or 60 ticks behind
[09:09:11] [Server thread/WARN]: Can't keep up! Is the server overloaded? Running 5045ms or 100 ticks behind
[09:09:30] [Server thread/WARN]: Can't keep up! Is the server overloaded? Running 3723ms or 74 ticks behind
[09:09:49] [Server thread/WARN]: Can't keep up! Is the server overloaded? Running 4098ms or 81 ticks behind
[09:10:09] [Server thread/WARN]: Can't keep up! Is the server overloaded? Running 4734ms or 94 ticks behind
[09:10:28] [Server thread/WARN]: Can't keep up! Is the server overloaded? Running 4064ms or 81 ticks behind
[09:10:47] [Server thread/WARN]: Can't keep up! Is the server overloaded? Running 4602ms or 92 ticks behind
[09:11:07] [Server thread/WARN]: Can't keep up! Is the server overloaded? Running 4561ms or 91 ticks behind
[09:11:27] [Server thread/WARN]: Can't keep up! Is the server overloaded? Running 4969ms or 99 ticks behind
[09:11:48] [Server thread/WARN]: Can't keep up! Is the server overloaded? Running 5817ms or 116 ticks behind
[09:12:09] [Server thread/WARN]: Can't keep up! Is the server overloaded? Running 6280ms or 125 ticks behind
[09:12:29] [Server thread/WARN]: Can't keep up! Is the server overloaded? Running 5221ms or 104 ticks behind
[09:12:49] [Server thread/WARN]: Can't keep up! Is the server overloaded? Running 4686ms or 93 ticks behind
[09:13:08] [Server thread/WARN]: Can't keep up! Is the server overloaded? Running 4691ms or 93 ticks behind
[09:13:28] [Server thread/WARN]: Can't keep up! Is the server overloaded? Running 4928ms or 98 ticks behind
[09:13:48] [Server thread/WARN]: Can't keep up! Is the server overloaded? Running 4371ms or 87 ticks behind
[09:14:06] [Server thread/WARN]: Can't keep up! Is the server overloaded? Running 3487ms or 69 ticks behind
[09:14:23] [Server thread/WARN]: Can't keep up! Is the server overloaded? Running 2020ms or 40 ticks behind
[09:14:42] [Server thread/WARN]: Can't keep up! Is the server overloaded? Running 3978ms or 79 ticks behind
[09:15:00] [Server thread/WARN]: Can't keep up! Is the server overloaded? Running 3023ms or 60 ticks behind
[09:15:19] [Server thread/WARN]: Can't keep up! Is the server overloaded? Running 3430ms or 68 ticks behind
[09:15:38] [Server thread/WARN]: Can't keep up! Is the server overloaded? Running 3939ms or 78 ticks behind
[09:15:56] [Server thread/WARN]: Can't keep up! Is the server overloaded? Running 3298ms or 65 ticks behind
[09:16:14] [Server thread/WARN]: Can't keep up! Is the server overloaded? Running 3671ms or 73 ticks behind
[09:16:33] [Server thread/WARN]: Can't keep up! Is the server overloaded? Running 3905ms or 78 ticks behind
[09:16:51] [Server thread/WARN]: Can't keep up! Is the server overloaded? Running 2535ms or 50 ticks behind
[09:17:08] [Server thread/WARN]: Can't keep up! Is the server overloaded? Running 2509ms or 50 ticks behind
[09:17:28] [Server thread/WARN]: Can't keep up! Is the server overloaded? Running 4497ms or 89 ticks behind
[09:17:47] [Server thread/WARN]: Can't keep up! Is the server overloaded? Running 4209ms or 84 ticks behind
[09:18:06] [Server thread/WARN]: Can't keep up! Is the server overloaded? Running 3868ms or 77 ticks behind
[09:18:23] [Server thread/WARN]: Can't keep up! Is the server overloaded? Running 2589ms or 51 ticks behind
[09:18:41] [Server thread/WARN]: Can't keep up! Is the server overloaded? Running 2006ms or 40 ticks behind
[09:18:58] [Server thread/WARN]: Can't keep up! Is the server overloaded? Running 2187ms or 43 ticks behind
[09:19:16] [Server thread/WARN]: Can't keep up! Is the server overloaded? Running 2417ms or 48 ticks behind
[09:19:33] [Server thread/WARN]: Can't keep up! Is the server overloaded? Running 2644ms or 52 ticks behind
[09:19:52] [Server thread/WARN]: Can't keep up! Is the server overloaded? Running 3490ms or 69 ticks behind
[09:20:10] [Server thread/WARN]: Can't keep up! Is the server overloaded? Running 3287ms or 65 ticks behind
[09:20:28] [Server thread/WARN]: Can't keep up! Is the server overloaded? Running 2998ms or 59 ticks behind
[09:20:46] [Server thread/WARN]: Can't keep up! Is the server overloaded? Running 3378ms or 67 ticks behind
[09:21:04] [Server thread/WARN]: Can't keep up! Is the server overloaded? Running 2952ms or 59 ticks behind
[09:21:22] [Server thread/WARN]: Can't keep up! Is the server overloaded? Running 2736ms or 54 ticks behind
[09:21:41] [Server thread/WARN]: Can't keep up! Is the server overloaded? Running 3645ms or 72 ticks behind
[09:21:59] [Server thread/WARN]: Can't keep up! Is the server overloaded? Running 3425ms or 68 ticks behind
[09:22:17] [Server thread/WARN]: Can't keep up! Is the server overloaded? Running 3280ms or 65 ticks behind
[09:22:35] [Server thread/WARN]: Can't keep up! Is the server overloaded? Running 2603ms or 52 ticks behind
[09:22:53] [Server thread/WARN]: Can't keep up! Is the server overloaded? Running 2618ms or 52 ticks behind
[09:23:10] [Server thread/WARN]: Can't keep up! Is the server overloaded? Running 2885ms or 57 ticks behind
[09:23:29] [Server thread/WARN]: Can't keep up! Is the server overloaded? Running 3198ms or 63 ticks behind
[09:23:47] [Server thread/WARN]: Can't keep up! Is the server overloaded? Running 3639ms or 72 ticks behind
[09:24:05] [Server thread/WARN]: Can't keep up! Is the server overloaded? Running 2816ms or 56 ticks behind
[09:24:23] [Server thread/WARN]: Can't keep up! Is the server overloaded? Running 2961ms or 59 ticks behind
[09:24:41] [Server thread/WARN]: Can't keep up! Is the server overloaded? Running 3251ms or 65 ticks behind
[09:24:59] [Server thread/WARN]: Can't keep up! Is the server overloaded? Running 2749ms or 54 ticks behind
[09:25:17] [Server thread/WARN]: Can't keep up! Is the server overloaded? Running 3209ms or 64 ticks behind
[09:25:35] [Server thread/WARN]: Can't keep up! Is the server overloaded? Running 3124ms or 62 ticks behind
[09:25:53] [Server thread/WARN]: Can't keep up! Is the server overloaded? Running 3160ms or 63 ticks behind
[09:26:12] [Server thread/WARN]: Can't keep up! Is the server overloaded? Running 3420ms or 68 ticks behind
[09:26:29] [Server thread/WARN]: Can't keep up! Is the server overloaded? Running 2209ms or 44 ticks behind
[09:26:46] [Server thread/WARN]: Can't keep up! Is the server overloaded? Running 2426ms or 48 ticks behind
[09:27:04] [Server thread/WARN]: Can't keep up! Is the server overloaded? Running 2962ms or 59 ticks behind
[09:27:25] [Server thread/WARN]: Can't keep up! Is the server overloaded? Running 2008ms or 40 ticks behind
[09:27:45] [Server thread/WARN]: Can't keep up! Is the server overloaded? Running 4235ms or 84 ticks behind
[09:28:04] [Server thread/WARN]: Can't keep up! Is the server overloaded? Running 4726ms or 94 ticks behind
[09:28:23] [Server thread/WARN]: Can't keep up! Is the server overloaded? Running 3823ms or 76 ticks behind
[09:28:43] [Server thread/WARN]: Can't keep up! Is the server overloaded? Running 4409ms or 88 ticks behind
[09:29:02] [Server thread/WARN]: Can't keep up! Is the server overloaded? Running 4610ms or 92 ticks behind
[09:29:21] [Server thread/WARN]: Can't keep up! Is the server overloaded? Running 3889ms or 77 ticks behind
[09:29:39] [Server thread/WARN]: Can't keep up! Is the server overloaded? Running 3410ms or 68 ticks behind
[09:29:58] [Server thread/WARN]: Can't keep up! Is the server overloaded? Running 4056ms or 81 ticks behind
[09:30:16] [Server thread/WARN]: Can't keep up! Is the server overloaded? Running 2229ms or 44 ticks behind
[09:30:38] [Server thread/WARN]: Can't keep up! Is the server overloaded? Running 2006ms or 40 ticks behind
[09:30:55] [Server thread/WARN]: Can't keep up! Is the server overloaded? Running 2135ms or 42 ticks behind
[09:31:12] [Server thread/WARN]: Can't keep up! Is the server overloaded? Running 2297ms or 45 ticks behind
[09:31:30] [Server thread/WARN]: Can't keep up! Is the server overloaded? Running 2571ms or 51 ticks behind
[09:31:49] [Server thread/WARN]: Can't keep up! Is the server overloaded? Running 4168ms or 83 ticks behind
[09:32:10] [Server thread/WARN]: Can't keep up! Is the server overloaded? Running 6294ms or 125 ticks behind
[09:32:30] [Server thread/WARN]: Can't keep up! Is the server overloaded? Running 4688ms or 93 ticks behind
[09:32:49] [Server thread/WARN]: Can't keep up! Is the server overloaded? Running 3883ms or 77 ticks behind
[09:33:09] [Server thread/WARN]: Can't keep up! Is the server overloaded? Running 5394ms or 107 ticks behind
[09:33:29] [Server thread/WARN]: Can't keep up! Is the server overloaded? Running 5226ms or 104 ticks behind
[09:33:50] [Server thread/WARN]: Can't keep up! Is the server overloaded? Running 5790ms or 115 ticks behind
[09:34:10] [Server thread/WARN]: Can't keep up! Is the server overloaded? Running 4622ms or 92 ticks behind
[09:34:29] [Server thread/WARN]: Can't keep up! Is the server overloaded? Running 4231ms or 84 ticks behind
[09:34:48] [Server thread/WARN]: Can't keep up! Is the server overloaded? Running 4190ms or 83 ticks behind
[09:35:07] [Server thread/WARN]: Can't keep up! Is the server overloaded? Running 4279ms or 85 ticks behind
[09:35:27] [Server thread/WARN]: Can't keep up! Is the server overloaded? Running 4384ms or 87 ticks behind
[09:35:45] [Server thread/WARN]: Can't keep up! Is the server overloaded? Running 3554ms or 71 ticks behind
[09:36:04] [Server thread/WARN]: Can't keep up! Is the server overloaded? Running 4190ms or 83 ticks behind
[09:36:22] [Server thread/WARN]: Can't keep up! Is the server overloaded? Running 3203ms or 64 ticks behind
[09:36:41] [Server thread/WARN]: Can't keep up! Is the server overloaded? Running 3244ms or 64 ticks behind
[09:37:01] [Server thread/WARN]: Can't keep up! Is the server overloaded? Running 5335ms or 106 ticks behind
[09:37:21] [Server thread/WARN]: Can't keep up! Is the server overloaded? Running 4924ms or 98 ticks behind
[09:37:39] [Server thread/WARN]: Can't keep up! Is the server overloaded? Running 3563ms or 71 ticks behind
[09:37:59] [Server thread/WARN]: Can't keep up! Is the server overloaded? Running 4507ms or 90 ticks behind
[09:38:19] [Server thread/WARN]: Can't keep up! Is the server overloaded? Running 5219ms or 104 ticks behind
[09:38:38] [Server thread/WARN]: Can't keep up! Is the server overloaded? Running 4178ms or 83 ticks behind
[09:38:58] [Server thread/WARN]: Can't keep up! Is the server overloaded? Running 4615ms or 92 ticks behind
[09:39:18] [Server thread/WARN]: Can't keep up! Is the server overloaded? Running 5283ms or 105 ticks behind
[09:39:36] [Server thread/WARN]: Can't keep up! Is the server overloaded? Running 3375ms or 67 ticks behind
[09:39:56] [Server thread/WARN]: Can't keep up! Is the server overloaded? Running 4911ms or 98 ticks behind
[09:40:17] [Server thread/WARN]: Can't keep up! Is the server overloaded? Running 6146ms or 122 ticks behind
[09:40:37] [Server thread/WARN]: Can't keep up! Is the server overloaded? Running 4305ms or 86 ticks behind
[09:40:56] [Server thread/WARN]: Can't keep up! Is the server overloaded? Running 4062ms or 81 ticks behind
[09:41:15] [Server thread/WARN]: Can't keep up! Is the server overloaded? Running 4085ms or 81 ticks behind
[09:41:34] [Server thread/WARN]: Can't keep up! Is the server overloaded? Running 3675ms or 73 ticks behind
[09:41:53] [Server thread/WARN]: Can't keep up! Is the server overloaded? Running 4684ms or 93 ticks behind
[09:42:13] [Server thread/WARN]: Can't keep up! Is the server overloaded? Running 5151ms or 103 ticks behind
[09:42:31] [Server thread/WARN]: Can't keep up! Is the server overloaded? Running 2982ms or 59 ticks behind
[09:42:49] [Server thread/WARN]: Can't keep up! Is the server overloaded? Running 2757ms or 55 ticks behind
[09:43:08] [Server thread/WARN]: Can't keep up! Is the server overloaded? Running 4327ms or 86 ticks behind
[09:43:27] [Server thread/WARN]: Can't keep up! Is the server overloaded? Running 3854ms or 77 ticks behind
[09:43:47] [Server thread/WARN]: Can't keep up! Is the server overloaded? Running 4507ms or 90 ticks behind
[09:44:07] [Server thread/WARN]: Can't keep up! Is the server overloaded? Running 5628ms or 112 ticks behind
[09:44:26] [Server thread/WARN]: Can't keep up! Is the server overloaded? Running 3415ms or 68 ticks behind
[09:44:45] [Server thread/WARN]: Can't keep up! Is the server overloaded? Running 4158ms or 83 ticks behind
[09:45:05] [Server thread/WARN]: Can't keep up! Is the server overloaded? Running 5579ms or 111 ticks behind
[09:45:25] [Server thread/WARN]: Can't keep up! Is the server overloaded? Running 4703ms or 94 ticks behind
[09:45:45] [Server thread/WARN]: Can't keep up! Is the server overloaded? Running 4749ms or 94 ticks behind
[09:46:05] [Server thread/WARN]: Can't keep up! Is the server overloaded? Running 5221ms or 104 ticks behind
[09:46:26] [Server thread/WARN]: Can't keep up! Is the server overloaded? Running 5727ms or 114 ticks behind
[09:46:47] [Server thread/WARN]: Can't keep up! Is the server overloaded? Running 5894ms or 117 ticks behind
[09:47:07] [Server thread/WARN]: Can't keep up! Is the server overloaded? Running 5343ms or 106 ticks behind
[09:47:28] [Server thread/WARN]: Can't keep up! Is the server overloaded? Running 5719ms or 114 ticks behind
[09:47:48] [Server thread/WARN]: Can't keep up! Is the server overloaded? Running 5666ms or 113 ticks behind
[09:48:08] [Server thread/WARN]: Can't keep up! Is the server overloaded? Running 4861ms or 97 ticks behind
[09:48:28] [Server thread/WARN]: Can't keep up! Is the server overloaded? Running 5013ms or 100 ticks behind
[09:48:48] [Server thread/WARN]: Can't keep up! Is the server overloaded? Running 5210ms or 104 ticks behind
[09:49:08] [Server thread/WARN]: Can't keep up! Is the server overloaded? Running 4696ms or 93 ticks behind
[09:49:26] [Server thread/WARN]: Can't keep up! Is the server overloaded? Running 3470ms or 69 ticks behind
[09:49:45] [Server thread/WARN]: Can't keep up! Is the server overloaded? Running 3215ms or 64 ticks behind
[09:50:03] [Server thread/WARN]: Can't keep up! Is the server overloaded? Running 3918ms or 78 ticks behind
[09:50:23] [Server thread/WARN]: Can't keep up! Is the server overloaded? Running 4229ms or 84 ticks behind
[09:50:42] [Server thread/WARN]: Can't keep up! Is the server overloaded? Running 3950ms or 79 ticks behind
[09:51:02] [Server thread/WARN]: Can't keep up! Is the server overloaded? Running 5798ms or 115 ticks behind
[09:51:23] [Server thread/WARN]: Can't keep up! Is the server overloaded? Running 6110ms or 122 ticks behind
[09:51:44] [Server thread/WARN]: Can't keep up! Is the server overloaded? Running 5225ms or 104 ticks behind
[09:52:04] [Server thread/WARN]: Can't keep up! Is the server overloaded? Running 5521ms or 110 ticks behind
[09:52:23] [Server thread/WARN]: Can't keep up! Is the server overloaded? Running 3799ms or 75 ticks behind
[09:52:41] [Server thread/WARN]: Can't keep up! Is the server overloaded? Running 3619ms or 72 ticks behind
[09:53:02] [Server thread/WARN]: Can't keep up! Is the server overloaded? Running 5885ms or 117 ticks behind
[09:53:24] [Server thread/WARN]: Can't keep up! Is the server overloaded? Running 6806ms or 136 ticks behind
[09:53:47] [Server thread/WARN]: Can't keep up! Is the server overloaded? Running 7635ms or 152 ticks behind
[09:54:09] [Server thread/WARN]: Can't keep up! Is the server overloaded? Running 7629ms or 152 ticks behind
[09:54:31] [Server thread/WARN]: Can't keep up! Is the server overloaded? Running 6604ms or 132 ticks behind
[09:54:53] [Server thread/WARN]: Can't keep up! Is the server overloaded? Running 7419ms or 148 ticks behind
[09:55:16] [Server thread/WARN]: Can't keep up! Is the server overloaded? Running 7823ms or 156 ticks behind
[09:55:38] [Server thread/WARN]: Can't keep up! Is the server overloaded? Running 6743ms or 134 ticks behind
[09:55:58] [Server thread/WARN]: Can't keep up! Is the server overloaded? Running 5597ms or 111 ticks behind
[09:56:18] [Server thread/WARN]: Can't keep up! Is the server overloaded? Running 5092ms or 101 ticks behind
[09:56:39] [Server thread/WARN]: Can't keep up! Is the server overloaded? Running 5277ms or 105 ticks behind
[09:56:59] [Server thread/WARN]: Can't keep up! Is the server overloaded? Running 5532ms or 110 ticks behind
[09:57:21] [Server thread/WARN]: Can't keep up! Is the server overloaded? Running 6612ms or 132 ticks behind
[09:57:42] [Server thread/WARN]: Can't keep up! Is the server overloaded? Running 5887ms or 117 ticks behind
[09:58:03] [Server thread/WARN]: Can't keep up! Is the server overloaded? Running 6790ms or 135 ticks behind
[09:58:25] [Server thread/WARN]: Can't keep up! Is the server overloaded? Running 6698ms or 133 ticks behind
[09:58:47] [Server thread/WARN]: Can't keep up! Is the server overloaded? Running 7146ms or 142 ticks behind
[09:59:09] [Server thread/WARN]: Can't keep up! Is the server overloaded? Running 7372ms or 147 ticks behind
[09:59:31] [Server thread/WARN]: Can't keep up! Is the server overloaded? Running 6808ms or 136 ticks behind
[09:59:53] [Server thread/WARN]: Can't keep up! Is the server overloaded? Running 6805ms or 136 ticks behind
[10:00:15] [Server thread/WARN]: Can't keep up! Is the server overloaded? Running 7216ms or 144 ticks behind
[10:00:38] [Server thread/WARN]: Can't keep up! Is the server overloaded? Running 7648ms or 152 ticks behind
[10:00:59] [Server thread/WARN]: Can't keep up! Is the server overloaded? Running 6107ms or 122 ticks behind
[10:01:19] [Server thread/WARN]: Can't keep up! Is the server overloaded? Running 5493ms or 109 ticks behind
[10:01:39] [Server thread/WARN]: Can't keep up! Is the server overloaded? Running 4853ms or 97 ticks behind
[10:02:01] [Server thread/WARN]: Can't keep up! Is the server overloaded? Running 7258ms or 145 ticks behind
[10:02:22] [Server thread/WARN]: Can't keep up! Is the server overloaded? Running 5887ms or 117 ticks behind
[10:02:44] [Server thread/WARN]: Can't keep up! Is the server overloaded? Running 6960ms or 139 ticks behind
[10:03:05] [Server thread/WARN]: Can't keep up! Is the server overloaded? Running 5988ms or 119 ticks behind
[10:03:27] [Server thread/WARN]: Can't keep up! Is the server overloaded? Running 7128ms or 142 ticks behind
[10:03:49] [Server thread/WARN]: Can't keep up! Is the server overloaded? Running 7127ms or 142 ticks behind
[10:04:11] [Server thread/WARN]: Can't keep up! Is the server overloaded? Running 6976ms or 139 ticks behind
[10:04:32] [Server thread/WARN]: Can't keep up! Is the server overloaded? Running 6074ms or 121 ticks behind
[10:04:53] [Server thread/WARN]: Can't keep up! Is the server overloaded? Running 5814ms or 116 ticks behind
[10:05:15] [Server thread/WARN]: Can't keep up! Is the server overloaded? Running 6550ms or 131 ticks behind
[10:05:35] [Server thread/WARN]: Can't keep up! Is the server overloaded? Running 5332ms or 106 ticks behind
[10:05:55] [Server thread/WARN]: Can't keep up! Is the server overloaded? Running 5256ms or 105 ticks behind
[10:06:16] [Server thread/WARN]: Can't keep up! Is the server overloaded? Running 6010ms or 120 ticks behind
[10:06:38] [Server thread/WARN]: Can't keep up! Is the server overloaded? Running 6581ms or 131 ticks behind
[10:07:00] [Server thread/WARN]: Can't keep up! Is the server overloaded? Running 6678ms or 133 ticks behind
[10:07:20] [Server thread/WARN]: Can't keep up! Is the server overloaded? Running 5865ms or 117 ticks behind
[10:07:41] [Server thread/WARN]: Can't keep up! Is the server overloaded? Running 5964ms or 119 ticks behind
[10:08:01] [Server thread/WARN]: Can't keep up! Is the server overloaded? Running 4244ms or 84 ticks behind
[10:08:20] [Server thread/WARN]: Can't keep up! Is the server overloaded? Running 4818ms or 96 ticks behind
[10:08:40] [Server thread/WARN]: Can't keep up! Is the server overloaded? Running 4801ms or 96 ticks behind
[10:09:00] [Server thread/WARN]: Can't keep up! Is the server overloaded? Running 4722ms or 94 ticks behind
[10:09:19] [Server thread/WARN]: Can't keep up! Is the server overloaded? Running 4577ms or 91 ticks behind
[10:09:39] [Server thread/WARN]: Can't keep up! Is the server overloaded? Running 4865ms or 97 ticks behind
[10:09:59] [Server thread/WARN]: Can't keep up! Is the server overloaded? Running 4956ms or 99 ticks behind
[10:10:21] [Server thread/WARN]: Can't keep up! Is the server overloaded? Running 6902ms or 138 ticks behind
[10:10:43] [Server thread/WARN]: Can't keep up! Is the server overloaded? Running 6480ms or 129 ticks behind
[10:11:04] [Server thread/WARN]: Can't keep up! Is the server overloaded? Running 6501ms or 130 ticks behind
[10:11:25] [Server thread/WARN]: Can't keep up! Is the server overloaded? Running 6150ms or 123 ticks behind
[10:11:47] [Server thread/WARN]: Can't keep up! Is the server overloaded? Running 6650ms or 133 ticks behind
[10:12:07] [Server thread/WARN]: Can't keep up! Is the server overloaded? Running 4791ms or 95 ticks behind
[10:12:26] [Server thread/WARN]: Can't keep up! Is the server overloaded? Running 3979ms or 79 ticks behind
[10:12:46] [Server thread/WARN]: Can't keep up! Is the server overloaded? Running 5150ms or 103 ticks behind
[10:13:05] [Server thread/WARN]: Can't keep up! Is the server overloaded? Running 4683ms or 93 ticks behind
[10:13:25] [Server thread/WARN]: Can't keep up! Is the server overloaded? Running 4850ms or 97 ticks behind
[10:13:45] [Server thread/WARN]: Can't keep up! Is the server overloaded? Running 4899ms or 97 ticks behind
[10:14:05] [Server thread/WARN]: Can't keep up! Is the server overloaded? Running 5451ms or 109 ticks behind
[10:14:27] [Server thread/WARN]: Can't keep up! Is the server overloaded? Running 6886ms or 137 ticks behind
[10:14:49] [Server thread/WARN]: Can't keep up! Is the server overloaded? Running 6276ms or 125 ticks behind
[10:15:10] [Server thread/WARN]: Can't keep up! Is the server overloaded? Running 6229ms or 124 ticks behind
[10:15:31] [Server thread/WARN]: Can't keep up! Is the server overloaded? Running 6625ms or 132 ticks behind
[10:15:53] [Server thread/WARN]: Can't keep up! Is the server overloaded? Running 6580ms or 131 ticks behind
[10:16:15] [Server thread/WARN]: Can't keep up! Is the server overloaded? Running 7191ms or 143 ticks behind
[10:16:38] [Server thread/WARN]: Can't keep up! Is the server overloaded? Running 7957ms or 159 ticks behind
[10:17:01] [Server thread/WARN]: Can't keep up! Is the server overloaded? Running 8269ms or 165 ticks behind
[10:17:25] [Server thread/WARN]: Can't keep up! Is the server overloaded? Running 8251ms or 165 ticks behind
[10:17:47] [Server thread/WARN]: Can't keep up! Is the server overloaded? Running 7769ms or 155 ticks behind
[10:18:11] [Server thread/WARN]: Can't keep up! Is the server overloaded? Running 8667ms or 173 ticks behind
[10:18:37] [Server thread/WARN]: Can't keep up! Is the server overloaded? Running 10680ms or 213 ticks behind
[10:19:02] [Server thread/WARN]: Can't keep up! Is the server overloaded? Running 10671ms or 213 ticks behind
[10:19:28] [Server thread/WARN]: Can't keep up! Is the server overloaded? Running 10663ms or 213 ticks behind
[10:19:53] [Server thread/WARN]: Can't keep up! Is the server overloaded? Running 10559ms or 211 ticks behind
[10:20:19] [Server thread/WARN]: Can't keep up! Is the server overloaded? Running 10293ms or 205 ticks behind
[10:20:43] [Server thread/WARN]: Can't keep up! Is the server overloaded? Running 9685ms or 193 ticks behind
[10:21:08] [Server thread/WARN]: Can't keep up! Is the server overloaded? Running 9390ms or 187 ticks behind
[10:21:32] [Server thread/WARN]: Can't keep up! Is the server overloaded? Running 9243ms or 184 ticks behind
[10:21:56] [Server thread/WARN]: Can't keep up! Is the server overloaded? Running 9213ms or 184 ticks behind
[10:22:21] [Server thread/WARN]: Can't keep up! Is the server overloaded? Running 9653ms or 193 ticks behind
[10:22:45] [Server thread/WARN]: Can't keep up! Is the server overloaded? Running 9133ms or 182 ticks behind
[10:23:09] [Server thread/WARN]: Can't keep up! Is the server overloaded? Running 9192ms or 183 ticks behind
[10:23:33] [Server thread/WARN]: Can't keep up! Is the server overloaded? Running 9167ms or 183 ticks behind
[10:23:57] [Server thread/WARN]: Can't keep up! Is the server overloaded? Running 9078ms or 181 ticks behind
[10:24:21] [Server thread/WARN]: Can't keep up! Is the server overloaded? Running 9171ms or 183 ticks behind
[10:24:46] [Server thread/WARN]: Can't keep up! Is the server overloaded? Running 9168ms or 183 ticks behind
[10:25:10] [Server thread/WARN]: Can't keep up! Is the server overloaded? Running 9123ms or 182 ticks behind
[10:25:34] [Server thread/WARN]: Can't keep up! Is the server overloaded? Running 9034ms or 180 ticks behind
[10:25:58] [Server thread/WARN]: Can't keep up! Is the server overloaded? Running 9111ms or 182 ticks behind
[10:26:22] [Server thread/WARN]: Can't keep up! Is the server overloaded? Running 9170ms or 183 ticks behind
[10:26:46] [Server thread/WARN]: Can't keep up! Is the server overloaded? Running 9150ms or 183 ticks behind
[10:27:10] [Server thread/WARN]: Can't keep up! Is the server overloaded? Running 9284ms or 185 ticks behind
[10:27:35] [Server thread/WARN]: Can't keep up! Is the server overloaded? Running 9359ms or 187 ticks behind
[10:27:59] [Server thread/WARN]: Can't keep up! Is the server overloaded? Running 9207ms or 184 ticks behind
[10:28:23] [Server thread/WARN]: Can't keep up! Is the server overloaded? Running 9283ms or 185 ticks behind
[10:28:47] [Server thread/WARN]: Can't keep up! Is the server overloaded? Running 9238ms or 184 ticks behind
[10:29:11] [Server thread/WARN]: Can't keep up! Is the server overloaded? Running 9222ms or 184 ticks behind
[10:29:36] [Server thread/WARN]: Can't keep up! Is the server overloaded? Running 9303ms or 186 ticks behind
[10:30:00] [Server thread/WARN]: Can't keep up! Is the server overloaded? Running 9254ms or 185 ticks behind
[10:30:25] [Server thread/WARN]: Can't keep up! Is the server overloaded? Running 9877ms or 197 ticks behind
[10:30:49] [Server thread/WARN]: Can't keep up! Is the server overloaded? Running 9523ms or 190 ticks behind
[10:31:14] [Server thread/WARN]: Can't keep up! Is the server overloaded? Running 9471ms or 189 ticks behind
[10:31:38] [Server thread/WARN]: Can't keep up! Is the server overloaded? Running 9298ms or 185 ticks behind
[10:32:02] [Server thread/WARN]: Can't keep up! Is the server overloaded? Running 9251ms or 185 ticks behind
[10:32:27] [Server thread/WARN]: Can't keep up! Is the server overloaded? Running 9355ms or 187 ticks behind
[10:32:51] [Server thread/WARN]: Can't keep up! Is the server overloaded? Running 9297ms or 185 ticks behind
[10:33:15] [Server thread/WARN]: Can't keep up! Is the server overloaded? Running 9300ms or 186 ticks behind
[10:33:40] [Server thread/WARN]: Can't keep up! Is the server overloaded? Running 9327ms or 186 ticks behind
[10:34:04] [Server thread/WARN]: Can't keep up! Is the server overloaded? Running 9247ms or 184 ticks behind
[10:34:28] [Server thread/WARN]: Can't keep up! Is the server overloaded? Running 9289ms or 185 ticks behind
[10:34:52] [Server thread/WARN]: Can't keep up! Is the server overloaded? Running 9254ms or 185 ticks behind
[10:35:16] [Server thread/WARN]: Can't keep up! Is the server overloaded? Running 9252ms or 185 ticks behind
[10:35:41] [Server thread/WARN]: Can't keep up! Is the server overloaded? Running 9253ms or 185 ticks behind
[10:36:05] [Server thread/WARN]: Can't keep up! Is the server overloaded? Running 9177ms or 183 ticks behind
[10:36:29] [Server thread/WARN]: Can't keep up! Is the server overloaded? Running 9338ms or 186 ticks behind
[10:36:53] [Server thread/WARN]: Can't keep up! Is the server overloaded? Running 9252ms or 185 ticks behind
[10:37:18] [Server thread/WARN]: Can't keep up! Is the server overloaded? Running 9208ms or 184 ticks behind
[10:37:42] [Server thread/WARN]: Can't keep up! Is the server overloaded? Running 9302ms or 186 ticks behind
[10:38:06] [Server thread/WARN]: Can't keep up! Is the server overloaded? Running 9232ms or 184 ticks behind
[10:38:32] [Server thread/WARN]: Can't keep up! Is the server overloaded? Running 10471ms or 209 ticks behind
[10:38:56] [Server thread/WARN]: Can't keep up! Is the server overloaded? Running 9464ms or 189 ticks behind
[10:39:20] [Server thread/WARN]: Can't keep up! Is the server overloaded? Running 9442ms or 188 ticks behind
[10:39:45] [Server thread/WARN]: Can't keep up! Is the server overloaded? Running 9519ms or 190 ticks behind
[10:40:10] [Server thread/WARN]: Can't keep up! Is the server overloaded? Running 9849ms or 196 ticks behind
[10:40:35] [Server thread/WARN]: Can't keep up! Is the server overloaded? Running 9896ms or 197 ticks behind
[10:41:00] [Server thread/WARN]: Can't keep up! Is the server overloaded? Running 10200ms or 204 ticks behind
[10:41:25] [Server thread/WARN]: Can't keep up! Is the server overloaded? Running 10393ms or 207 ticks behind
[10:41:50] [Server thread/WARN]: Can't keep up! Is the server overloaded? Running 10057ms or 201 ticks behind
[10:42:15] [Server thread/WARN]: Can't keep up! Is the server overloaded? Running 9700ms or 194 ticks behind
[10:42:40] [Server thread/WARN]: Can't keep up! Is the server overloaded? Running 10265ms or 205 ticks behind
[10:43:05] [Server thread/WARN]: Can't keep up! Is the server overloaded? Running 10411ms or 208 ticks behind
[10:43:31] [Server thread/WARN]: Can't keep up! Is the server overloaded? Running 10391ms or 207 ticks behind
[10:43:56] [Server thread/WARN]: Can't keep up! Is the server overloaded? Running 10625ms or 212 ticks behind
[10:44:22] [Server thread/WARN]: Can't keep up! Is the server overloaded? Running 10805ms or 216 ticks behind
[10:44:48] [Server thread/WARN]: Can't keep up! Is the server overloaded? Running 10850ms or 217 ticks behind
[10:45:14] [Server thread/WARN]: Can't keep up! Is the server overloaded? Running 10653ms or 213 ticks behind
[10:45:39] [Server thread/WARN]: Can't keep up! Is the server overloaded? Running 10523ms or 210 ticks behind
[10:46:05] [Server thread/WARN]: Can't keep up! Is the server overloaded? Running 10615ms or 212 ticks behind
[10:46:31] [Server thread/WARN]: Can't keep up! Is the server overloaded? Running 10791ms or 215 ticks behind
[10:46:57] [Server thread/WARN]: Can't keep up! Is the server overloaded? Running 11488ms or 229 ticks behind
[10:47:23] [Server thread/WARN]: Can't keep up! Is the server overloaded? Running 10607ms or 212 ticks behind
[10:47:48] [Server thread/WARN]: Can't keep up! Is the server overloaded? Running 9979ms or 199 ticks behind
[10:48:12] [Server thread/WARN]: Can't keep up! Is the server overloaded? Running 9770ms or 195 ticks behind
[10:48:37] [Server thread/WARN]: Can't keep up! Is the server overloaded? Running 9372ms or 187 ticks behind
[10:49:01] [Server thread/WARN]: Can't keep up! Is the server overloaded? Running 9092ms or 181 ticks behind
[10:49:25] [Server thread/WARN]: Can't keep up! Is the server overloaded? Running 9232ms or 184 ticks behind
[10:49:49] [Server thread/WARN]: Can't keep up! Is the server overloaded? Running 9097ms or 181 ticks behind
[10:50:14] [Server thread/WARN]: Can't keep up! Is the server overloaded? Running 9692ms or 193 ticks behind
[10:50:38] [Server thread/WARN]: Can't keep up! Is the server overloaded? Running 9204ms or 184 ticks behind
[10:51:02] [Server thread/WARN]: Can't keep up! Is the server overloaded? Running 9050ms or 181 ticks behind
[10:51:26] [Server thread/WARN]: Can't keep up! Is the server overloaded? Running 9249ms or 184 ticks behind
[10:51:50] [Server thread/WARN]: Can't keep up! Is the server overloaded? Running 9329ms or 186 ticks behind
[10:52:15] [Server thread/WARN]: Can't keep up! Is the server overloaded? Running 9464ms or 189 ticks behind
[10:52:39] [Server thread/WARN]: Can't keep up! Is the server overloaded? Running 9276ms or 185 ticks behind
[10:53:03] [Server thread/WARN]: Can't keep up! Is the server overloaded? Running 9343ms or 186 ticks behind
[10:53:28] [Server thread/WARN]: Can't keep up! Is the server overloaded? Running 9431ms or 188 ticks behind
[10:53:52] [Server thread/WARN]: Can't keep up! Is the server overloaded? Running 9290ms or 185 ticks behind
[10:54:16] [Server thread/WARN]: Can't keep up! Is the server overloaded? Running 9267ms or 185 ticks behind
[10:54:40] [Server thread/WARN]: Can't keep up! Is the server overloaded? Running 9075ms or 181 ticks behind
[10:55:05] [Server thread/WARN]: Can't keep up! Is the server overloaded? Running 9668ms or 193 ticks behind
[10:55:29] [Server thread/WARN]: Can't keep up! Is the server overloaded? Running 9267ms or 185 ticks behind
[10:55:54] [Server thread/WARN]: Can't keep up! Is the server overloaded? Running 9714ms or 194 ticks behind
[10:56:18] [Server thread/WARN]: Can't keep up! Is the server overloaded? Running 9112ms or 182 ticks behind
[10:56:42] [Server thread/WARN]: Can't keep up! Is the server overloaded? Running 9189ms or 183 ticks behind
[10:57:06] [Server thread/WARN]: Can't keep up! Is the server overloaded? Running 9307ms or 186 ticks behind
[10:57:31] [Server thread/WARN]: Can't keep up! Is the server overloaded? Running 9450ms or 189 ticks behind
[10:57:55] [Server thread/WARN]: Can't keep up! Is the server overloaded? Running 9529ms or 190 ticks behind
[10:58:21] [Server thread/WARN]: Can't keep up! Is the server overloaded? Running 10124ms or 202 ticks behind
[10:58:46] [Server thread/WARN]: Can't keep up! Is the server overloaded? Running 10041ms or 200 ticks behind
[10:59:11] [Server thread/WARN]: Can't keep up! Is the server overloaded? Running 10356ms or 207 ticks behind
[10:59:36] [Server thread/WARN]: Can't keep up! Is the server overloaded? Running 10030ms or 200 ticks behind
[11:00:01] [Server thread/WARN]: Can't keep up! Is the server overloaded? Running 9982ms or 199 ticks behind
[11:00:27] [Server thread/WARN]: Can't keep up! Is the server overloaded? Running 11007ms or 220 ticks behind
[11:00:53] [Server thread/WARN]: Can't keep up! Is the server overloaded? Running 11094ms or 221 ticks behind
[11:01:19] [Server thread/WARN]: Can't keep up! Is the server overloaded? Running 10913ms or 218 ticks behind
[11:01:45] [Server thread/WARN]: Can't keep up! Is the server overloaded? Running 10844ms or 216 ticks behind
[11:02:11] [Server thread/WARN]: Can't keep up! Is the server overloaded? Running 11142ms or 222 ticks behind
[11:02:37] [Server thread/WARN]: Can't keep up! Is the server overloaded? Running 11276ms or 225 ticks behind
[11:03:03] [Server thread/WARN]: Can't keep up! Is the server overloaded? Running 10903ms or 218 ticks behind
[11:03:29] [Server thread/WARN]: Can't keep up! Is the server overloaded? Running 11341ms or 226 ticks behind
[11:03:55] [Server thread/WARN]: Can't keep up! Is the server overloaded? Running 10923ms or 218 ticks behind
[11:04:21] [Server thread/WARN]: Can't keep up! Is the server overloaded? Running 10846ms or 216 ticks behind
[11:04:46] [Server thread/WARN]: Can't keep up! Is the server overloaded? Running 10047ms or 200 ticks behind
[11:05:10] [Server thread/WARN]: Can't keep up! Is the server overloaded? Running 9551ms or 191 ticks behind
[11:05:35] [Server thread/WARN]: Can't keep up! Is the server overloaded? Running 9538ms or 190 ticks behind
[11:05:59] [Server thread/WARN]: Can't keep up! Is the server overloaded? Running 9393ms or 187 ticks behind
[11:06:24] [Server thread/WARN]: Can't keep up! Is the server overloaded? Running 9297ms or 185 ticks behind
[11:06:48] [Server thread/WARN]: Can't keep up! Is the server overloaded? Running 9424ms or 188 ticks behind
[11:07:12] [Server thread/WARN]: Can't keep up! Is the server overloaded? Running 9423ms or 188 ticks behind
[11:07:37] [Server thread/WARN]: Can't keep up! Is the server overloaded? Running 9508ms or 190 ticks behind
[11:08:01] [Server thread/WARN]: Can't keep up! Is the server overloaded? Running 9326ms or 186 ticks behind
[11:08:26] [Server thread/WARN]: Can't keep up! Is the server overloaded? Running 9462ms or 189 ticks behind
[11:08:50] [Server thread/WARN]: Can't keep up! Is the server overloaded? Running 9408ms or 188 ticks behind
[11:09:14] [Server thread/WARN]: Can't keep up! Is the server overloaded? Running 9366ms or 187 ticks behind
[11:09:39] [Server thread/WARN]: Can't keep up! Is the server overloaded? Running 9396ms or 187 ticks behind
[11:10:03] [Server thread/WARN]: Can't keep up! Is the server overloaded? Running 9647ms or 192 ticks behind
[11:10:28] [Server thread/WARN]: Can't keep up! Is the server overloaded? Running 9632ms or 192 ticks behind
[11:10:52] [Server thread/WARN]: Can't keep up! Is the server overloaded? Running 9447ms or 188 ticks behind
[11:11:17] [Server thread/WARN]: Can't keep up! Is the server overloaded? Running 9542ms or 190 ticks behind
[11:11:41] [Server thread/WARN]: Can't keep up! Is the server overloaded? Running 9762ms or 195 ticks behind
[11:12:06] [Server thread/WARN]: Can't keep up! Is the server overloaded? Running 9278ms or 185 ticks behind
[11:12:30] [Server thread/WARN]: Can't keep up! Is the server overloaded? Running 9546ms or 190 ticks behind
[11:12:55] [Server thread/WARN]: Can't keep up! Is the server overloaded? Running 9430ms or 188 ticks behind
[11:13:19] [Server thread/WARN]: Can't keep up! Is the server overloaded? Running 9381ms or 187 ticks behind
[11:13:44] [Server thread/WARN]: Can't keep up! Is the server overloaded? Running 9674ms or 193 ticks behind
[11:14:08] [Server thread/WARN]: Can't keep up! Is the server overloaded? Running 9572ms or 191 ticks behind
[11:14:32] [Server thread/WARN]: Can't keep up! Is the server overloaded? Running 9115ms or 182 ticks behind
[11:14:57] [Server thread/WARN]: Can't keep up! Is the server overloaded? Running 9477ms or 189 ticks behind
[11:15:21] [Server thread/WARN]: Can't keep up! Is the server overloaded? Running 9638ms or 192 ticks behind
[11:15:46] [Server thread/WARN]: Can't keep up! Is the server overloaded? Running 9393ms or 187 ticks behind
[11:16:10] [Server thread/WARN]: Can't keep up! Is the server overloaded? Running 9393ms or 187 ticks behind
[11:16:34] [Server thread/WARN]: Can't keep up! Is the server overloaded? Running 9288ms or 185 ticks behind
[11:16:59] [Server thread/WARN]: Can't keep up! Is the server overloaded? Running 9411ms or 188 ticks behind
[11:17:24] [Server thread/WARN]: Can't keep up! Is the server overloaded? Running 9994ms or 199 ticks behind
[11:17:49] [Server thread/WARN]: Can't keep up! Is the server overloaded? Running 10423ms or 208 ticks behind
[11:18:14] [Server thread/WARN]: Can't keep up! Is the server overloaded? Running 9596ms or 191 ticks behind
[11:18:38] [Server thread/WARN]: Can't keep up! Is the server overloaded? Running 9912ms or 198 ticks behind
[11:19:04] [Server thread/WARN]: Can't keep up! Is the server overloaded? Running 10528ms or 210 ticks behind
[11:19:29] [Server thread/WARN]: Can't keep up! Is the server overloaded? Running 10356ms or 207 ticks behind
[11:19:55] [Server thread/WARN]: Can't keep up! Is the server overloaded? Running 10397ms or 207 ticks behind
[11:20:21] [Server thread/WARN]: Can't keep up! Is the server overloaded? Running 10994ms or 219 ticks behind
[11:20:47] [Server thread/WARN]: Can't keep up! Is the server overloaded? Running 11004ms or 220 ticks behind
[11:21:12] [Server thread/WARN]: Can't keep up! Is the server overloaded? Running 10660ms or 213 ticks behind
[11:21:38] [Server thread/WARN]: Can't keep up! Is the server overloaded? Running 10633ms or 212 ticks behind
[11:22:04] [Server thread/WARN]: Can't keep up! Is the server overloaded? Running 10803ms or 216 ticks behind
[11:22:30] [Server thread/WARN]: Can't keep up! Is the server overloaded? Running 10894ms or 217 ticks behind
[11:22:55] [Server thread/WARN]: Can't keep up! Is the server overloaded? Running 10801ms or 216 ticks behind
[11:23:21] [Server thread/WARN]: Can't keep up! Is the server overloaded? Running 10613ms or 212 ticks behind
[11:23:47] [Server thread/WARN]: Can't keep up! Is the server overloaded? Running 10686ms or 213 ticks behind
[11:24:13] [Server thread/WARN]: Can't keep up! Is the server overloaded? Running 10953ms or 219 ticks behind
[11:24:38] [Server thread/WARN]: Can't keep up! Is the server overloaded? Running 10651ms or 213 ticks behind
[11:25:04] [Server thread/WARN]: Can't keep up! Is the server overloaded? Running 10536ms or 210 ticks behind
[11:25:29] [Server thread/WARN]: Can't keep up! Is the server overloaded? Running 10149ms or 202 ticks behind
[11:25:53] [Server thread/WARN]: Can't keep up! Is the server overloaded? Running 9230ms or 184 ticks behind
[11:26:17] [Server thread/WARN]: Can't keep up! Is the server overloaded? Running 9230ms or 184 ticks behind
[11:26:41] [Server thread/WARN]: Can't keep up! Is the server overloaded? Running 9277ms or 185 ticks behind
[11:27:06] [Server thread/WARN]: Can't keep up! Is the server overloaded? Running 9334ms or 186 ticks behind
[11:27:30] [Server thread/WARN]: Can't keep up! Is the server overloaded? Running 9242ms or 184 ticks behind
[11:27:54] [Server thread/WARN]: Can't keep up! Is the server overloaded? Running 9179ms or 183 ticks behind
[11:28:19] [Server thread/WARN]: Can't keep up! Is the server overloaded? Running 9658ms or 193 ticks behind
[11:28:43] [Server thread/WARN]: Can't keep up! Is the server overloaded? Running 9213ms or 184 ticks behind
[11:29:07] [Server thread/WARN]: Can't keep up! Is the server overloaded? Running 9416ms or 188 ticks behind
[11:29:32] [Server thread/WARN]: Can't keep up! Is the server overloaded? Running 9175ms or 183 ticks behind
[11:29:55] [Server thread/WARN]: Can't keep up! Is the server overloaded? Running 8944ms or 178 ticks behind
[11:30:20] [Server thread/WARN]: Can't keep up! Is the server overloaded? Running 9499ms or 189 ticks behind
[11:30:44] [Server thread/WARN]: Can't keep up! Is the server overloaded? Running 9203ms or 184 ticks behind
[11:31:08] [Server thread/WARN]: Can't keep up! Is the server overloaded? Running 9375ms or 187 ticks behind
[11:31:33] [Server thread/WARN]: Can't keep up! Is the server overloaded? Running 9115ms or 182 ticks behind
[11:31:57] [Server thread/WARN]: Can't keep up! Is the server overloaded? Running 9173ms or 183 ticks behind
[11:32:21] [Server thread/WARN]: Can't keep up! Is the server overloaded? Running 9155ms or 183 ticks behind
[11:32:45] [Server thread/WARN]: Can't keep up! Is the server overloaded? Running 9090ms or 181 ticks behind
[11:33:09] [Server thread/WARN]: Can't keep up! Is the server overloaded? Running 9151ms or 183 ticks behind
[11:33:33] [Server thread/WARN]: Can't keep up! Is the server overloaded? Running 9124ms or 182 ticks behind
[11:33:57] [Server thread/WARN]: Can't keep up! Is the server overloaded? Running 9051ms or 181 ticks behind
[11:34:21] [Server thread/WARN]: Can't keep up! Is the server overloaded? Running 9174ms or 183 ticks behind
[11:34:46] [Server thread/WARN]: Can't keep up! Is the server overloaded? Running 9349ms or 186 ticks behind
[11:35:10] [Server thread/WARN]: Can't keep up! Is the server overloaded? Running 9069ms or 181 ticks behind
[11:35:34] [Server thread/WARN]: Can't keep up! Is the server overloaded? Running 9126ms or 182 ticks behind
[11:35:59] [Server thread/WARN]: Can't keep up! Is the server overloaded? Running 9888ms or 197 ticks behind
[11:36:23] [Server thread/WARN]: Can't keep up! Is the server overloaded? Running 9873ms or 197 ticks behind
[11:36:48] [Server thread/WARN]: Can't keep up! Is the server overloaded? Running 9170ms or 183 ticks behind
[11:37:12] [Server thread/WARN]: Can't keep up! Is the server overloaded? Running 9229ms or 184 ticks behind
[11:37:36] [Server thread/WARN]: Can't keep up! Is the server overloaded? Running 9423ms or 188 ticks behind
[11:38:01] [Server thread/WARN]: Can't keep up! Is the server overloaded? Running 9557ms or 191 ticks behind
[11:38:26] [Server thread/WARN]: Can't keep up! Is the server overloaded? Running 10387ms or 207 ticks behind
[11:38:51] [Server thread/WARN]: Can't keep up! Is the server overloaded? Running 10250ms or 205 ticks behind
[11:39:16] [Server thread/WARN]: Can't keep up! Is the server overloaded? Running 10107ms or 202 ticks behind
[11:39:41] [Server thread/WARN]: Can't keep up! Is the server overloaded? Running 9730ms or 194 ticks behind
[11:40:06] [Server thread/WARN]: Can't keep up! Is the server overloaded? Running 9624ms or 192 ticks behind
[11:40:31] [Server thread/WARN]: Can't keep up! Is the server overloaded? Running 10182ms or 203 ticks behind
[11:40:56] [Server thread/WARN]: Can't keep up! Is the server overloaded? Running 10407ms or 208 ticks behind
[11:41:22] [Server thread/WARN]: Can't keep up! Is the server overloaded? Running 10563ms or 211 ticks behind
[11:41:47] [Server thread/WARN]: Can't keep up! Is the server overloaded? Running 10313ms or 206 ticks behind
[11:42:13] [Server thread/WARN]: Can't keep up! Is the server overloaded? Running 10638ms or 212 ticks behind
[11:42:39] [Server thread/WARN]: Can't keep up! Is the server overloaded? Running 10909ms or 218 ticks behind
[11:43:04] [Server thread/WARN]: Can't keep up! Is the server overloaded? Running 10775ms or 215 ticks behind
